Base path: C:/Program Files (x86)/Unity/Editor/Data
Pipe name: \\.\pipe\UnityShaderCompiler-1-6548
Cmd: getPlatforms
Cmd: preprocess
  insize=1584 outsize=2245 ok=1
Cmd: preprocess
  insize=1423 outsize=2190 ok=1
Cmd: preprocess
  insize=2422 outsize=1168 ok=1
Cmd: compileSnippet
  api=1 type=0 insize=1556 outsize=321 kw= ok=1
Cmd: compileSnippet
  api=1 type=1 insize=1556 outsize=307 kw= ok=1
Cmd: preprocess
  insize=977 outsize=438 ok=1
Cmd: compileSnippet
  api=1 type=0 insize=841 outsize=211 kw= ok=1
Cmd: compileSnippet
  api=1 type=1 insize=841 outsize=119 kw= ok=1
Cmd: preprocess
  insize=2965 outsize=1659 ok=1
Cmd: compileSnippet
  api=1 type=0 insize=1612 outsize=422 kw= ok=1
Cmd: compileSnippet
  api=1 type=1 insize=1612 outsize=626 kw= ok=1
Cmd: preprocess
  error: 1 plat 12 at (95): Compiling shaders to OpenGL ES 2.0, Xbox 360, PS3, Flash or DX11 requires both vertex and fragment programs
  insize=2292 outsize=1222 ok=1
Cmd: compileSnippet
  api=1 type=0 insize=1310 outsize=542 kw= ok=1
Cmd: compileSnippet
  api=1 type=1 insize=1310 outsize=339 kw= ok=1
Cmd: compileSnippet
  api=1 type=0 insize=1017 outsize=542 kw= ok=1
Cmd: preprocess
  insize=1725 outsize=1007 ok=1
Cmd: compileSnippet
  api=1 type=0 insize=1020 outsize=171 kw= ok=1
Cmd: compileSnippet
  api=1 type=1 insize=1020 outsize=141 kw= ok=1
Cmd: preprocess
  insize=1727 outsize=682 ok=1
Cmd: compileSnippet
  api=1 type=0 insize=1346 outsize=445 kw= ok=1
Cmd: compileSnippet
  api=1 type=1 insize=1346 outsize=284 kw= ok=1
